[DEBUG] createMappedFile: C:\ghost_engine\platforms/windows/x86_64/state/unified_lattice.bin
[DEBUG] anchored path: C:\ghost_engine\platforms/windows/x86_64/state/unified_lattice.bin
[DEBUG] CreateFileW success
[DEBUG] createMappedFile: C:\ghost_engine\platforms/windows/x86_64/state/semantic_monolith.bin
[DEBUG] anchored path: C:\ghost_engine\platforms/windows/x86_64/state/semantic_monolith.bin
[DEBUG] CreateFileW success
[DEBUG] createMappedFile: C:\ghost_engine\platforms/windows/x86_64/state/semantic_tags.bin
[DEBUG] anchored path: C:\ghost_engine\platforms/windows/x86_64/state/semantic_tags.bin
[DEBUG] CreateFileW success
error: OutOfMemory
C:\zig\lib\std\mem\Allocator.zig:300:82: 0x7ff6a0f58152 in allocBytesWithAlignment__anon_77433 (ghost_shell_zcu.obj)
    const byte_ptr = self.rawAlloc(byte_count, alignment, return_address) orelse return error.OutOfMemory;
                                                                                 ^
C:\zig\lib\std\mem\Allocator.zig:286:5: 0x7ff6a0f57f54 in allocWithSizeAndAlignment__anon_77429 (ghost_shell_zcu.obj)
    return self.allocBytesWithAlignment(alignment, byte_count, return_address);
    ^
C:\zig\lib\std\mem\Allocator.zig:262:5: 0x7ff6a0db8350 in alignedAlloc__anon_5033 (ghost_shell_zcu.obj)
    return self.allocAdvancedWithRetAddr(T, alignment, n, @returnAddress());
    ^
C:\ghost_engine\src\engine.zig:118:39: 0x7ff6a0db6fe5 in precomputeBMP (ghost_shell_zcu.obj)
            const bmp_vectors_slice = try allocator.alignedAlloc(vsa.HyperVector, std.mem.Alignment.fromByteUnits(262144), 65536);
                                      ^
C:\ghost_engine\src\shell.zig:1294:17: 0x7ff6a0dbb061 in main (ghost_shell_zcu.obj)
    const bmp = try engine.SingularityEngine.precomputeBMP(global_allocator);
                ^
error(DebugAllocator): memory address 0x29904ed0460 leaked: 
C:\ghost_engine\src\shell.zig:1289:48: 0x7ff6a0dbaaac in main (ghost_shell_zcu.obj)
    const meaning = try global_allocator.create(vsa.MeaningMatrix);
                                               ^
C:\zig\lib\std\start.zig:657:28: 0x7ff6a0dbd0e6 in main (ghost_shell_zcu.obj)
            return callMain(std.os.windows.peb().ProcessParameters.CommandLine.slice(), .global);
                           ^
C:\zig\lib\libc\mingw\crt\crtexe.c:259:0: 0x7ff6a0f92c7b in __tmainCRTStartup (crt2.obj)
    mainret = _tmain (argc, argv, envp);

C:\zig\lib\libc\mingw\crt\crtexe.c:179:0: 0x7ff6a0f92cdb in mainCRTStartup (crt2.obj)
  ret = __tmainCRTStartup ();

???:?:?: 0x7ffcd81ce8d6 in ??? (KERNEL32.DLL)
???:?:?: 0x7ffcd8eec3fb in ??? (ntdll.dll)

error(DebugAllocator): memory address 0x29904f31000 leaked: 
C:\ghost_engine\src\vsa_vulkan.zig:262:44: 0x7ff6a0dad7f2 in init (ghost_shell_zcu.obj)
        const engine = try allocator.create(VulkanEngine);
                                           ^
C:\ghost_engine\src\vsa_vulkan.zig:1442:44: 0x7ff6a0db0e85 in initRuntime (ghost_shell_zcu.obj)
    global_instance = try VulkanEngine.init(allocator, io);
                                           ^
C:\ghost_engine\src\shell.zig:1270:38: 0x7ff6a0db9c85 in main (ghost_shell_zcu.obj)
    const vk = vsa_vulkan.initRuntime(global_allocator, init.io) catch null;
                                     ^
C:\zig\lib\std\start.zig:657:28: 0x7ff6a0dbd0e6 in main (ghost_shell_zcu.obj)
            return callMain(std.os.windows.peb().ProcessParameters.CommandLine.slice(), .global);
                           ^
C:\zig\lib\libc\mingw\crt\crtexe.c:259:0: 0x7ff6a0f92c7b in __tmainCRTStartup (crt2.obj)
    mainret = _tmain (argc, argv, envp);

C:\zig\lib\libc\mingw\crt\crtexe.c:179:0: 0x7ff6a0f92cdb in mainCRTStartup (crt2.obj)
  ret = __tmainCRTStartup ();


error(DebugAllocator): memory address 0x299208b0000 leaked: 
C:\ghost_engine\src\shell.zig:1271:45: 0x7ff6a0db9ce5 in main (ghost_shell_zcu.obj)
    const soul = try global_allocator.create(ghost_state.GhostSoul);
                                            ^
C:\zig\lib\std\start.zig:657:28: 0x7ff6a0dbd0e6 in main (ghost_shell_zcu.obj)
            return callMain(std.os.windows.peb().ProcessParameters.CommandLine.slice(), .global);
                           ^
C:\zig\lib\libc\mingw\crt\crtexe.c:259:0: 0x7ff6a0f92c7b in __tmainCRTStartup (crt2.obj)
    mainret = _tmain (argc, argv, envp);

C:\zig\lib\libc\mingw\crt\crtexe.c:179:0: 0x7ff6a0f92cdb in mainCRTStartup (crt2.obj)
  ret = __tmainCRTStartup ();

???:?:?: 0x7ffcd81ce8d6 in ??? (KERNEL32.DLL)
???:?:?: 0x7ffcd8eec3fb in ??? (ntdll.dll)

error(DebugAllocator): memory address 0x299287c0000 leaked: 
C:\ghost_engine\src\vsa_core.zig:872:45: 0x7ff6a0db11bc in init (ghost_shell_zcu.obj)
            .neighbors = try allocator.alloc(u32, @as(u64, spn) * @as(u64, max_nodes)),
                                            ^
C:\ghost_engine\src\vsa_core.zig:501:35: 0x7ff6a0db1c19 in init (ghost_shell_zcu.obj)
            .hnsw = HnswIndex.init(allocator, MAX_CONCEPTS, concepts) catch null,
                                  ^
C:\ghost_engine\src\ghost_state.zig:176:55: 0x7ff6a0db204f in init (ghost_shell_zcu.obj)
            .panopticon = try vsa.PagedPanopticon.init(allocator),
                                                      ^
C:\ghost_engine\src\shell.zig:1272:44: 0x7ff6a0db9d9c in main (ghost_shell_zcu.obj)
    soul.* = try ghost_state.GhostSoul.init(global_allocator);
                                           ^
C:\zig\lib\std\start.zig:657:28: 0x7ff6a0dbd0e6 in main (ghost_shell_zcu.obj)
            return callMain(std.os.windows.peb().ProcessParameters.CommandLine.slice(), .global);
                           ^
C:\zig\lib\libc\mingw\crt\crtexe.c:259:0: 0x7ff6a0f92c7b in __tmainCRTStartup (crt2.obj)
    mainret = _tmain (argc, argv, envp);


error(DebugAllocator): memory address 0x2995bfc0000 leaked: 
C:\ghost_engine\src\vsa_core.zig:873:51: 0x7ff6a0db1234 in init (ghost_shell_zcu.obj)
            .neighbor_counts = try allocator.alloc(u8, max_nodes),
                                                  ^
C:\ghost_engine\src\vsa_core.zig:501:35: 0x7ff6a0db1c19 in init (ghost_shell_zcu.obj)
            .hnsw = HnswIndex.init(allocator, MAX_CONCEPTS, concepts) catch null,
                                  ^
C:\ghost_engine\src\ghost_state.zig:176:55: 0x7ff6a0db204f in init (ghost_shell_zcu.obj)
            .panopticon = try vsa.PagedPanopticon.init(allocator),
                                                      ^
C:\ghost_engine\src\shell.zig:1272:44: 0x7ff6a0db9d9c in main (ghost_shell_zcu.obj)
    soul.* = try ghost_state.GhostSoul.init(global_allocator);
                                           ^
C:\zig\lib\std\start.zig:657:28: 0x7ff6a0dbd0e6 in main (ghost_shell_zcu.obj)
            return callMain(std.os.windows.peb().ProcessParameters.CommandLine.slice(), .global);
                           ^
C:\zig\lib\libc\mingw\crt\crtexe.c:259:0: 0x7ff6a0f92c7b in __tmainCRTStartup (crt2.obj)
    mainret = _tmain (argc, argv, envp);


error(DebugAllocator): memory address 0x299286c0000 leaked: 
C:\ghost_engine\src\vsa_core.zig:871:42: 0x7ff6a0db1097 in init (ghost_shell_zcu.obj)
            .levels = try allocator.alloc(u8, max_nodes),
                                         ^
C:\ghost_engine\src\vsa_core.zig:501:35: 0x7ff6a0db1c19 in init (ghost_shell_zcu.obj)
            .hnsw = HnswIndex.init(allocator, MAX_CONCEPTS, concepts) catch null,
                                  ^
C:\ghost_engine\src\ghost_state.zig:176:55: 0x7ff6a0db204f in init (ghost_shell_zcu.obj)
            .panopticon = try vsa.PagedPanopticon.init(allocator),
                                                      ^
C:\ghost_engine\src\shell.zig:1272:44: 0x7ff6a0db9d9c in main (ghost_shell_zcu.obj)
    soul.* = try ghost_state.GhostSoul.init(global_allocator);
                                           ^
C:\zig\lib\std\start.zig:657:28: 0x7ff6a0dbd0e6 in main (ghost_shell_zcu.obj)
            return callMain(std.os.windows.peb().ProcessParameters.CommandLine.slice(), .global);
                           ^
C:\zig\lib\libc\mingw\crt\crtexe.c:259:0: 0x7ff6a0f92c7b in __tmainCRTStartup (crt2.obj)
    mainret = _tmain (argc, argv, envp);


error(DebugAllocator): memory address 0x2995c0d0000 leaked: 
C:\ghost_engine\src\vsa_core.zig:874:46: 0x7ff6a0db1342 in init (ghost_shell_zcu.obj)
            .node_bases = try allocator.alloc(u32, max_nodes),
                                             ^
C:\ghost_engine\src\vsa_core.zig:501:35: 0x7ff6a0db1c19 in init (ghost_shell_zcu.obj)
            .hnsw = HnswIndex.init(allocator, MAX_CONCEPTS, concepts) catch null,
                                  ^
C:\ghost_engine\src\ghost_state.zig:176:55: 0x7ff6a0db204f in init (ghost_shell_zcu.obj)
            .panopticon = try vsa.PagedPanopticon.init(allocator),
                                                      ^
C:\ghost_engine\src\shell.zig:1272:44: 0x7ff6a0db9d9c in main (ghost_shell_zcu.obj)
    soul.* = try ghost_state.GhostSoul.init(global_allocator);
                                           ^
C:\zig\lib\std\start.zig:657:28: 0x7ff6a0dbd0e6 in main (ghost_shell_zcu.obj)
            return callMain(std.os.windows.peb().ProcessParameters.CommandLine.slice(), .global);
                           ^
C:\zig\lib\libc\mingw\crt\crtexe.c:259:0: 0x7ff6a0f92c7b in __tmainCRTStartup (crt2.obj)
    mainret = _tmain (argc, argv, envp);


error(DebugAllocator): memory address 0x2995c4b0000 leaked: 
C:\ghost_engine\src\vsa_core.zig:879:51: 0x7ff6a0db147a in init (ghost_shell_zcu.obj)
            .scratch_visited = try allocator.alloc(bool, max_nodes),
                                                  ^
C:\ghost_engine\src\vsa_core.zig:501:35: 0x7ff6a0db1c19 in init (ghost_shell_zcu.obj)
            .hnsw = HnswIndex.init(allocator, MAX_CONCEPTS, concepts) catch null,
                                  ^
C:\ghost_engine\src\ghost_state.zig:176:55: 0x7ff6a0db204f in init (ghost_shell_zcu.obj)
            .panopticon = try vsa.PagedPanopticon.init(allocator),
                                                      ^
C:\ghost_engine\src\shell.zig:1272:44: 0x7ff6a0db9d9c in main (ghost_shell_zcu.obj)
    soul.* = try ghost_state.GhostSoul.init(global_allocator);
                                           ^
C:\zig\lib\std\start.zig:657:28: 0x7ff6a0dbd0e6 in main (ghost_shell_zcu.obj)
            return callMain(std.os.windows.peb().ProcessParameters.CommandLine.slice(), .global);
                           ^
C:\zig\lib\libc\mingw\crt\crtexe.c:259:0: 0x7ff6a0f92c7b in __tmainCRTStartup (crt2.obj)
    mainret = _tmain (argc, argv, envp);


error(DebugAllocator): memory address 0x299208c0000 leaked: 
C:\ghost_engine\src\vsa_core.zig:493:45: 0x7ff6a0db1a10 in init (ghost_shell_zcu.obj)
        const concepts = try allocator.alloc(HyperVector, MAX_CONCEPTS);
                                            ^
C:\ghost_engine\src\ghost_state.zig:176:55: 0x7ff6a0db204f in init (ghost_shell_zcu.obj)
            .panopticon = try vsa.PagedPanopticon.init(allocator),
                                                      ^
C:\ghost_engine\src\shell.zig:1272:44: 0x7ff6a0db9d9c in main (ghost_shell_zcu.obj)
    soul.* = try ghost_state.GhostSoul.init(global_allocator);
                                           ^
C:\zig\lib\std\start.zig:657:28: 0x7ff6a0dbd0e6 in main (ghost_shell_zcu.obj)
            return callMain(std.os.windows.peb().ProcessParameters.CommandLine.slice(), .global);
                           ^
C:\zig\lib\libc\mingw\crt\crtexe.c:259:0: 0x7ff6a0f92c7b in __tmainCRTStartup (crt2.obj)
    mainret = _tmain (argc, argv, envp);

C:\zig\lib\libc\mingw\crt\crtexe.c:179:0: 0x7ff6a0f92cdb in mainCRTStartup (crt2.obj)
  ret = __tmainCRTStartup ();


error(DebugAllocator): memory address 0x299282e0000 leaked: 
C:\ghost_engine\src\vsa_core.zig:499:51: 0x7ff6a0db1ae7 in init (ghost_shell_zcu.obj)
            .concept_offsets = try allocator.alloc(u32, MAX_CONCEPTS),
                                                  ^
C:\ghost_engine\src\ghost_state.zig:176:55: 0x7ff6a0db204f in init (ghost_shell_zcu.obj)
            .panopticon = try vsa.PagedPanopticon.init(allocator),
                                                      ^
C:\ghost_engine\src\shell.zig:1272:44: 0x7ff6a0db9d9c in main (ghost_shell_zcu.obj)
    soul.* = try ghost_state.GhostSoul.init(global_allocator);
                                           ^
C:\zig\lib\std\start.zig:657:28: 0x7ff6a0dbd0e6 in main (ghost_shell_zcu.obj)
            return callMain(std.os.windows.peb().ProcessParameters.CommandLine.slice(), .global);
                           ^
C:\zig\lib\libc\mingw\crt\crtexe.c:259:0: 0x7ff6a0f92c7b in __tmainCRTStartup (crt2.obj)
    mainret = _tmain (argc, argv, envp);

C:\zig\lib\libc\mingw\crt\crtexe.c:179:0: 0x7ff6a0f92cdb in mainCRTStartup (crt2.obj)
  ret = __tmainCRTStartup ();


error(DebugAllocator): memory address 0x299113d0000 leaked: 
C:\ghost_engine\src\vsa_vulkan.zig:269:49: 0x7ff6a0dadcaf in init (ghost_shell_zcu.obj)
            .result_buffer = try allocator.alloc(u32, 65536),
                                                ^
C:\ghost_engine\src\vsa_vulkan.zig:1442:44: 0x7ff6a0db0e85 in initRuntime (ghost_shell_zcu.obj)
    global_instance = try VulkanEngine.init(allocator, io);
                                           ^
C:\ghost_engine\src\shell.zig:1270:38: 0x7ff6a0db9c85 in main (ghost_shell_zcu.obj)
    const vk = vsa_vulkan.initRuntime(global_allocator, init.io) catch null;
                                     ^
C:\zig\lib\std\start.zig:657:28: 0x7ff6a0dbd0e6 in main (ghost_shell_zcu.obj)
            return callMain(std.os.windows.peb().ProcessParameters.CommandLine.slice(), .global);
                           ^
C:\zig\lib\libc\mingw\crt\crtexe.c:259:0: 0x7ff6a0f92c7b in __tmainCRTStartup (crt2.obj)
    mainret = _tmain (argc, argv, envp);

C:\zig\lib\libc\mingw\crt\crtexe.c:179:0: 0x7ff6a0f92cdb in mainCRTStartup (crt2.obj)
  ret = __tmainCRTStartup ();


